# JRE version: Java(TM) SE Runtime Environment (8.0_201-b09) (build 1.8.0_201-b09)
# Java VM: Java HotSpot(TM) 64-Bit Server VM (25.201-b09 mixed mode windows-amd64 compressed oops)
Heap:
 PSYoungGen      total 268288K, used 28386K [0x00000000d6e00000, 0x00000000eba00000, 0x0000000100000000)
  eden space 253440K, 5% used [0x00000000d6e00000,0x00000000d7cd9208,0x00000000e6580000)
  from space 14848K, 88% used [0x00000000e6580000,0x00000000e725f8e8,0x00000000e7400000)
  to   space 16896K, 0% used [0x00000000ea980000,0x00000000ea980000,0x00000000eba00000)
 ParOldGen       total 71168K, used 27341K [0x0000000084a00000, 0x0000000088f80000, 0x00000000d6e00000)
  object space 71168K, 38% used [0x0000000084a00000,0x00000000864b36c0,0x0000000088f80000)
 Metaspace       used 51843K, capacity 54520K, committed 54656K, reserved 1095680K
  class space    used 6979K, capacity 7498K, committed 7552K, reserved 1048576K
GC Heap History (10 events):
Event: 12.194 GC heap before
{Heap before GC invocations=15 (full 1):
 PSYoungGen      total 144896K, used 106373K [0x00000000d6e00000, 0x00000000e3e00000, 0x0000000100000000)
  eden space 136192K, 77% used [0x00000000d6e00000,0x00000000dd589400,0x00000000df300000)
  from space 8704K, 4% used [0x00000000df300000,0x00000000df358000,0x00000000dfb80000)
  to   space 8704K, 0% used [0x00000000e3580000,0x00000000e3580000,0x00000000e3e00000)
 ParOldGen       total 45568K, used 8964K [0x0000000084a00000, 0x0000000087680000, 0x00000000d6e00000)
  object space 45568K, 19% used [0x0000000084a00000,0x00000000852c12e8,0x0000000087680000)
 Metaspace       used 34136K, capacity 35372K, committed 35496K, reserved 1079296K
  class space    used 4512K, capacity 4802K, committed 4864K, reserved 1048576K
Event: 12.202 GC heap after
Heap after GC invocations=15 (full 1):
 PSYoungGen      total 201728K, used 8699K [0x00000000d6e00000, 0x00000000e3e80000, 0x0000000100000000)
  eden space 193024K, 0% used [0x00000000d6e00000,0x00000000d6e00000,0x00000000e2a80000)
  from space 8704K, 99% used [0x00000000e3580000,0x00000000e3dfee78,0x00000000e3e00000)
  to   space 10240K, 0% used [0x00000000e2a80000,0x00000000e2a80000,0x00000000e3480000)
 ParOldGen       total 45568K, used 9479K [0x0000000084a00000, 0x0000000087680000, 0x00000000d6e00000)
  object space 45568K, 20% used [0x0000000084a00000,0x0000000085341f18,0x0000000087680000)
 Metaspace       used 34136K, capacity 35372K, committed 35496K, reserved 1079296K
  class space    used 4512K, capacity 4802K, committed 4864K, reserved 1048576K
}
Event: 12.202 GC heap before
{Heap before GC invocations=16 (full 2):
 PSYoungGen      total 201728K, used 8699K [0x00000000d6e00000, 0x00000000e3e80000, 0x0000000100000000)
  eden space 193024K, 0% used [0x00000000d6e00000,0x00000000d6e00000,0x00000000e2a80000)
  from space 8704K, 99% used [0x00000000e3580000,0x00000000e3dfee78,0x00000000e3e00000)
  to   space 10240K, 0% used [0x00000000e2a80000,0x00000000e2a80000,0x00000000e3480000)
 ParOldGen       total 45568K, used 9479K [0x0000000084a00000, 0x0000000087680000, 0x00000000d6e00000)
  object space 45568K, 20% used [0x0000000084a00000,0x0000000085341f18,0x0000000087680000)
 Metaspace       used 34136K, capacity 35372K, committed 35496K, reserved 1079296K
  class space    used 4512K, capacity 4802K, committed 4864K, reserved 1048576K
Event: 12.263 GC heap after
Heap after GC invocations=16 (full 2):
 PSYoungGen      total 201728K, used 0K [0x00000000d6e00000, 0x00000000e3e80000, 0x0000000100000000)
  eden space 193024K, 0% used [0x00000000d6e00000,0x00000000d6e00000,0x00000000e2a80000)
  from space 8704K, 0% used [0x00000000e3580000,0x00000000e3580000,0x00000000e3e00000)
  to   space 10240K, 0% used [0x00000000e2a80000,0x00000000e2a80000,0x00000000e3480000)
 ParOldGen       total 71168K, used 16526K [0x0000000084a00000, 0x0000000088f80000, 0x00000000d6e00000)
  object space 71168K, 23% used [0x0000000084a00000,0x0000000085a23b00,0x0000000088f80000)
 Metaspace       used 34136K, capacity 35372K, committed 35496K, reserved 1079296K
  class space    used 4512K, capacity 4802K, committed 4864K, reserved 1048576K
}
Event: 13.752 GC heap before
{Heap before GC invocations=17 (full 2):
 PSYoungGen      total 201728K, used 193024K [0x00000000d6e00000, 0x00000000e3e80000, 0x0000000100000000)
  eden space 193024K, 100% used [0x00000000d6e00000,0x00000000e2a80000,0x00000000e2a80000)
  from space 8704K, 0% used [0x00000000e3580000,0x00000000e3580000,0x00000000e3e00000)
  to   space 10240K, 0% used [0x00000000e2a80000,0x00000000e2a80000,0x00000000e3480000)
 ParOldGen       total 71168K, used 16526K [0x0000000084a00000, 0x0000000088f80000, 0x00000000d6e00000)
  object space 71168K, 23% used [0x0000000084a00000,0x0000000085a23b00,0x0000000088f80000)
 Metaspace       used 38243K, capacity 39602K, committed 39680K, reserved 1083392K
  class space    used 5055K, capacity 5357K, committed 5376K, reserved 1048576K
Event: 13.761 GC heap after
Heap after GC invocations=17 (full 2):
 PSYoungGen      total 203264K, used 10234K [0x00000000d6e00000, 0x00000000e8080000, 0x0000000100000000)
  eden space 193024K, 0% used [0x00000000d6e00000,0x00000000d6e00000,0x00000000e2a80000)
  from space 10240K, 99% used [0x00000000e2a80000,0x00000000e347ebe8,0x00000000e3480000)
  to   space 12800K, 0% used [0x00000000e7400000,0x00000000e7400000,0x00000000e8080000)
 ParOldGen       total 71168K, used 18955K [0x0000000084a00000, 0x0000000088f80000, 0x00000000d6e00000)
  object space 71168K, 26% used [0x0000000084a00000,0x0000000085c82eb0,0x0000000088f80000)
 Metaspace       used 38243K, capacity 39602K, committed 39680K, reserved 1083392K
  class space    used 5055K, capacity 5357K, committed 5376K, reserved 1048576K
}
Event: 15.451 GC heap before
{Heap before GC invocations=18 (full 2):
 PSYoungGen      total 203264K, used 203258K [0x00000000d6e00000, 0x00000000e8080000, 0x0000000100000000)
  eden space 193024K, 100% used [0x00000000d6e00000,0x00000000e2a80000,0x00000000e2a80000)
  from space 10240K, 99% used [0x00000000e2a80000,0x00000000e347ebe8,0x00000000e3480000)
  to   space 12800K, 0% used [0x00000000e7400000,0x00000000e7400000,0x00000000e8080000)
 ParOldGen       total 71168K, used 18955K [0x0000000084a00000, 0x0000000088f80000, 0x00000000d6e00000)
  object space 71168K, 26% used [0x0000000084a00000,0x0000000085c82eb0,0x0000000088f80000)
 Metaspace       used 43247K, capacity 44930K, committed 45056K, reserved 1087488K
  class space    used 5769K, capacity 6119K, committed 6144K, reserved 1048576K
Event: 15.463 GC heap after
Heap after GC invocations=18 (full 2):
 PSYoungGen      total 266240K, used 12479K [0x00000000d6e00000, 0x00000000e8300000, 0x0000000100000000)
  eden space 253440K, 0% used [0x00000000d6e00000,0x00000000d6e00000,0x00000000e6580000)
  from space 12800K, 97% used [0x00000000e7400000,0x00000000e802fd00,0x00000000e8080000)
  to   space 14848K, 0% used [0x00000000e6580000,0x00000000e6580000,0x00000000e7400000)
 ParOldGen       total 71168K, used 22329K [0x0000000084a00000, 0x0000000088f80000, 0x00000000d6e00000)
  object space 71168K, 31% used [0x0000000084a00000,0x0000000085fce660,0x0000000088f80000)
 Metaspace       used 43247K, capacity 44930K, committed 45056K, reserved 1087488K
  class space    used 5769K, capacity 6119K, committed 6144K, reserved 1048576K
}
Event: 17.395 GC heap before
{Heap before GC invocations=19 (full 2):
 PSYoungGen      total 266240K, used 265919K [0x00000000d6e00000, 0x00000000e8300000, 0x0000000100000000)
  eden space 253440K, 100% used [0x00000000d6e00000,0x00000000e6580000,0x00000000e6580000)
  from space 12800K, 97% used [0x00000000e7400000,0x00000000e802fd00,0x00000000e8080000)
  to   space 14848K, 0% used [0x00000000e6580000,0x00000000e6580000,0x00000000e7400000)
 ParOldGen       total 71168K, used 22329K [0x0000000084a00000, 0x0000000088f80000, 0x00000000d6e00000)
  object space 71168K, 31% used [0x0000000084a00000,0x0000000085fce660,0x0000000088f80000)
 Metaspace       used 51456K, capacity 54038K, committed 54272K, reserved 1095680K
  class space    used 6913K, capacity 7399K, committed 7424K, reserved 1048576K
Event: 17.411 GC heap after
Heap after GC invocations=19 (full 2):
 PSYoungGen      total 268288K, used 13182K [0x00000000d6e00000, 0x00000000eba00000, 0x0000000100000000)
  eden space 253440K, 0% used [0x00000000d6e00000,0x00000000d6e00000,0x00000000e6580000)
  from space 14848K, 88% used [0x00000000e6580000,0x00000000e725f8e8,0x00000000e7400000)
  to   space 16896K, 0% used [0x00000000ea980000,0x00000000ea980000,0x00000000eba00000)
 ParOldGen       total 71168K, used 27341K [0x0000000084a00000, 0x0000000088f80000, 0x00000000d6e00000)
  object space 71168K, 38% used [0x0000000084a00000,0x00000000864b36c0,0x0000000088f80000)
 Metaspace       used 51456K, capacity 54038K, committed 54272K, reserved 1095680K
  class space    used 6913K, capacity 7399K, committed 7424K, reserved 1048576K
}

